Build started 29/11/2014 16:09:54.
     1>Project "C:\Users\Wilder Ruiz\OneDrive\iPROGRAM\BANK SIMULATOR by Wilder Ruiz\Bank Simulator 4.0 (home)\ConsoleApplication1\ConsoleApplication1\ConsoleApplication1.vcxproj" on node 2 (Build target(s)).
     1>ClCompile:
         C:\Program Files (x86)\Microsoft Visual Studio 12.0\VC\bin\CL.exe /c /ZI /nologo /W3 /WX- /sdl /Od /Oy- /D WIN32 /D _DEBUG /D _CONSOLE /D _LIB /D _UNICODE /D UNICODE /D _CRT_SECURE_NO_WARNINGS /Gm /EHsc /RTC1 /MDd /GS /fp:precise /Zc:wchar_t /Zc:forScope /Fo"Debug\\" /Fd"Debug\vc120.pdb" /Gd /TC /analyze- /errorReport:prompt Source.c
         Source.c
     1>c:\users\wilder ruiz\onedrive\iprogram\bank simulator by wilder ruiz\bank simulator 4.0 (home)\consoleapplication1\consoleapplication1\source.c(60): warning C4020: 'gets_s' : too many actual parameters
     1>c:\users\wilder ruiz\onedrive\iprogram\bank simulator by wilder ruiz\bank simulator 4.0 (home)\consoleapplication1\consoleapplication1\source.c(67): warning C4020: 'gets_s' : too many actual parameters
     1>c:\users\wilder ruiz\onedrive\iprogram\bank simulator by wilder ruiz\bank simulator 4.0 (home)\consoleapplication1\consoleapplication1\source.c(70): warning C4020: 'gets_s' : too many actual parameters
     1>c:\users\wilder ruiz\onedrive\iprogram\bank simulator by wilder ruiz\bank simulator 4.0 (home)\consoleapplication1\consoleapplication1\source.c(84): warning C4020: 'gets_s' : too many actual parameters
     1>c:\users\wilder ruiz\onedrive\iprogram\bank simulator by wilder ruiz\bank simulator 4.0 (home)\consoleapplication1\consoleapplication1\source.c(88): warning C4020: 'gets_s' : too many actual parameters
     1>c:\users\wilder ruiz\onedrive\iprogram\bank simulator by wilder ruiz\bank simulator 4.0 (home)\consoleapplication1\consoleapplication1\source.c(125): warning C4020: 'gets_s' : too many actual parameters
     1>c:\users\wilder ruiz\onedrive\iprogram\bank simulator by wilder ruiz\bank simulator 4.0 (home)\consoleapplication1\consoleapplication1\source.c(133): warning C4020: 'gets_s' : too many actual parameters
     1>c:\users\wilder ruiz\onedrive\iprogram\bank simulator by wilder ruiz\bank simulator 4.0 (home)\consoleapplication1\consoleapplication1\source.c(150): warning C4020: 'gets_s' : too many actual parameters
     1>c:\users\wilder ruiz\onedrive\iprogram\bank simulator by wilder ruiz\bank simulator 4.0 (home)\consoleapplication1\consoleapplication1\source.c(178): warning C4020: 'gets_s' : too many actual parameters
     1>c:\users\wilder ruiz\onedrive\iprogram\bank simulator by wilder ruiz\bank simulator 4.0 (home)\consoleapplication1\consoleapplication1\source.c(221): warning C4020: 'gets_s' : too many actual parameters
     1>c:\users\wilder ruiz\onedrive\iprogram\bank simulator by wilder ruiz\bank simulator 4.0 (home)\consoleapplication1\consoleapplication1\source.c(237): warning C4020: 'gets_s' : too many actual parameters
     1>c:\users\wilder ruiz\onedrive\iprogram\bank simulator by wilder ruiz\bank simulator 4.0 (home)\consoleapplication1\consoleapplication1\source.c(302): warning C4020: 'gets_s' : too many actual parameters
     1>c:\users\wilder ruiz\onedrive\iprogram\bank simulator by wilder ruiz\bank simulator 4.0 (home)\consoleapplication1\consoleapplication1\source.c(419): warning C4020: 'gets_s' : too many actual parameters
     1>c:\users\wilder ruiz\onedrive\iprogram\bank simulator by wilder ruiz\bank simulator 4.0 (home)\consoleapplication1\consoleapplication1\source.c(44): warning C4101: 'fp1' : unreferenced local variable
       Link:
         C:\Program Files (x86)\Microsoft Visual Studio 12.0\VC\bin\link.exe /ERRORREPORT:PROMPT /OUT:"C:\Users\Wilder Ruiz\OneDrive\iPROGRAM\BANK SIMULATOR by Wilder Ruiz\Bank Simulator 4.0 (home)\ConsoleApplication1\Debug\ConsoleApplication1.exe" /INCREMENTAL /NOLOGO kernel32.lib user32.lib gdi32.lib winspool.lib comdlg32.lib advapi32.lib shell32.lib ole32.lib oleaut32.lib uuid.lib odbc32.lib odbccp32.lib /MANIFEST /MANIFESTUAC:"level='asInvoker' uiAccess='false'" /manifest:embed /DEBUG /PDB:"C:\Users\Wilder Ruiz\OneDrive\iPROGRAM\BANK SIMULATOR by Wilder Ruiz\Bank Simulator 4.0 (home)\ConsoleApplication1\Debug\ConsoleApplication1.pdb" /SUBSYSTEM:CONSOLE /TLBID:1 /DYNAMICBASE /NXCOMPAT /IMPLIB:"C:\Users\Wilder Ruiz\OneDrive\iPROGRAM\BANK SIMULATOR by Wilder Ruiz\Bank Simulator 4.0 (home)\ConsoleApplication1\Debug\ConsoleApplication1.lib" /MACHINE:X86 Debug\Source.obj
         ConsoleApplication1.vcxproj -> C:\Users\Wilder Ruiz\OneDrive\iPROGRAM\BANK SIMULATOR by Wilder Ruiz\Bank Simulator 4.0 (home)\ConsoleApplication1\Debug\ConsoleApplication1.exe
     1>Done Building Project "C:\Users\Wilder Ruiz\OneDrive\iPROGRAM\BANK SIMULATOR by Wilder Ruiz\Bank Simulator 4.0 (home)\ConsoleApplication1\ConsoleApplication1\ConsoleApplication1.vcxproj" (Build target(s)).

Build succeeded.

Time Elapsed 00:00:00.22
